<?xml version="1.0" encoding="UTF-8" standalone="no"?>
<testsuite errors="0" failures="1" name="io.cucumber.core.plugin.JUnitFormatter" skipped="0" tests="1" time="3.516">
    <testcase classname="Customer Feature" name="Validate post a customer success" time="3.163">
        <failure message="expected:&lt;200&gt; but was:&lt;400&gt;" type="junit.framework.AssertionFailedError"><![CDATA[When I post a customer......................................................passed
Then I verify post customer success.........................................failed

StackTrace:
junit.framework.AssertionFailedError: expected:<200> but was:<400>
	at junit.framework.Assert.fail(Assert.java:57)
	at junit.framework.Assert.failNotEquals(Assert.java:329)
	at junit.framework.Assert.assertEquals(Assert.java:78)
	at junit.framework.Assert.assertEquals(Assert.java:234)
	at junit.framework.Assert.assertEquals(Assert.java:241)
	at stepsdef.Customer.i_verify_post_customer_success(Customer.java:49)
	at ✽.I verify post customer success(file:///C:/Users/Hai%20Yen/eclipse-workspace/fnb-apitesting/features/Customer.feature:28)
]]></failure>
    </testcase>
</testsuite>
