<?xml version="1.0" encoding="UTF-8" standalone="no"?>
<testsuite errors="0" failures="0" name="io.cucumber.core.plugin.JUnitFormatter" skipped="0" tests="3" time="6.559">
    <testcase classname="Customer Feature" name="POST customer" time="3.219">
        <system-out>
            <![CDATA[When I post a customer......................................................passed
Then I verify post customer success.........................................passed
]]>
        </system-out>
    </testcase>
    <testcase classname="Customer Feature" name="PUT customer" time="2.008">
        <system-out>
            <![CDATA[When I get customer.........................................................passed
When I put customer.........................................................passed
]]>
        </system-out>
    </testcase>
    <testcase classname="Customer Feature" name="DELETE customer" time="0.958">
        <system-out>
            <![CDATA[When I get customer.........................................................passed
When I delete customer......................................................passed
]]>
        </system-out>
    </testcase>
</testsuite>
